#######
LanguageClient 0.1.161
#######
22:14:57 INFO unnamed src/language_server_protocol.rs:3580 settings synced
22:14:57 INFO unnamed src/language_server_protocol.rs:3607 Project root: /home/ys/Code/project/project-password-manager
22:14:57 INFO unnamed src/language_server_protocol.rs:840 initialize; params=Object({"bufnr": Number(1), "filename": String("/home/ys/Code/project/project-password-manager/src/main.c"), "languageId": String("c"), "position": Object({"character": Number(0), "line": Number(0)}), "viewport": Object({"end": Number(65), "start": Number(0)})})
22:14:57 INFO unnamed src/language_server_protocol.rs:567 register_cm_source; language_id="c" result=Object({"capabilities": Object({"codeActionProvider": Object({"codeActionKinds": Array([String("quickfix")])}), "codeLensProvider": Object({"resolveProvider": Bool(false)}), "completionProvider": Object({"resolveProvider": Bool(false), "triggerCharacters": Array([String("."), String(":"), String(">"), String("#"), String("<"), String("\""), String("/")])}), "declarationProvider": Bool(true), "definitionProvider": Bool(true), "documentFormattingProvider": Bool(true), "documentHighlightProvider": Bool(true), "documentLinkProvider": Object({"resolveProvider": Bool(true)}), "documentOnTypeFormattingProvider": Object({"firstTriggerCharacter": String("}"), "moreTriggerCharacter": Array([])}), "documentRangeFormattingProvider": Bool(true), "documentSymbolProvider": Bool(true), "executeCommandProvider": Object({"commands": Array([String("ccls.xref")])}), "foldingRangeProvider": Bool(true), "hoverProvider": Bool(true), "implementationProvider": Bool(true), "referencesProvider": Bool(true), "renameProvider": Bool(true), "signatureHelpProvider": Object({"triggerCharacters": Array([String("("), String(",")])}), "textDocumentSync": Object({"change": Number(2), "openClose": Bool(true), "save": Object({"includeText": Bool(false)}), "willSave": Bool(false), "willSaveWaitUntil": Bool(false)}), "typeDefinitionProvider": Bool(true), "workspace": Object({"workspaceFolders": Object({"changeNotifications": Bool(true), "supported": Bool(true)})}), "workspaceSymbolProvider": Bool(true)}), "serverInfo": Object({"name": String("ccls"), "version": String("0.20210330-1")})})
22:14:57 INFO unnamed src/language_server_protocol.rs:607 register_ncm2_source; language_id="c" result=Object({"capabilities": Object({"codeActionProvider": Object({"codeActionKinds": Array([String("quickfix")])}), "codeLensProvider": Object({"resolveProvider": Bool(false)}), "completionProvider": Object({"resolveProvider": Bool(false), "triggerCharacters": Array([String("."), String(":"), String(">"), String("#"), String("<"), String("\""), String("/")])}), "declarationProvider": Bool(true), "definitionProvider": Bool(true), "documentFormattingProvider": Bool(true), "documentHighlightProvider": Bool(true), "documentLinkProvider": Object({"resolveProvider": Bool(true)}), "documentOnTypeFormattingProvider": Object({"firstTriggerCharacter": String("}"), "moreTriggerCharacter": Array([])}), "documentRangeFormattingProvider": Bool(true), "documentSymbolProvider": Bool(true), "executeCommandProvider": Object({"commands": Array([String("ccls.xref")])}), "foldingRangeProvider": Bool(true), "hoverProvider": Bool(true), "implementationProvider": Bool(true), "referencesProvider": Bool(true), "renameProvider": Bool(true), "signatureHelpProvider": Object({"triggerCharacters": Array([String("("), String(",")])}), "textDocumentSync": Object({"change": Number(2), "openClose": Bool(true), "save": Object({"includeText": Bool(false)}), "willSave": Bool(false), "willSaveWaitUntil": Bool(false)}), "typeDefinitionProvider": Bool(true), "workspace": Object({"workspaceFolders": Object({"changeNotifications": Bool(true), "supported": Bool(true)})}), "workspaceSymbolProvider": Bool(true)}), "serverInfo": Object({"name": String("ccls"), "version": String("0.20210330-1")})})
22:14:57 INFO unnamed src/language_server_protocol.rs:647 parse_semantic_scopes; language_id="c" result=Object({"capabilities": Object({"codeActionProvider": Object({"codeActionKinds": Array([String("quickfix")])}), "codeLensProvider": Object({"resolveProvider": Bool(false)}), "completionProvider": Object({"resolveProvider": Bool(false), "triggerCharacters": Array([String("."), String(":"), String(">"), String("#"), String("<"), String("\""), String("/")])}), "declarationProvider": Bool(true), "definitionProvider": Bool(true), "documentFormattingProvider": Bool(true), "documentHighlightProvider": Bool(true), "documentLinkProvider": Object({"resolveProvider": Bool(true)}), "documentOnTypeFormattingProvider": Object({"firstTriggerCharacter": String("}"), "moreTriggerCharacter": Array([])}), "documentRangeFormattingProvider": Bool(true), "documentSymbolProvider": Bool(true), "executeCommandProvider": Object({"commands": Array([String("ccls.xref")])}), "foldingRangeProvider": Bool(true), "hoverProvider": Bool(true), "implementationProvider": Bool(true), "referencesProvider": Bool(true), "renameProvider": Bool(true), "signatureHelpProvider": Object({"triggerCharacters": Array([String("("), String(",")])}), "textDocumentSync": Object({"change": Number(2), "openClose": Bool(true), "save": Object({"includeText": Bool(false)}), "willSave": Bool(false), "willSaveWaitUntil": Bool(false)}), "typeDefinitionProvider": Bool(true), "workspace": Object({"workspaceFolders": Object({"changeNotifications": Bool(true), "supported": Bool(true)})}), "workspaceSymbolProvider": Bool(true)}), "serverInfo": Object({"name": String("ccls"), "version": String("0.20210330-1")})})
22:14:57 INFO unnamed src/language_server_protocol.rs:1019 initialized; params=Object({"bufnr": Number(1), "filename": String("/home/ys/Code/project/project-password-manager/src/main.c"), "languageId": String("c"), "position": Object({"character": Number(0), "line": Number(0)}), "viewport": Object({"end": Number(65), "start": Number(0)})})
22:14:57 INFO unnamed src/language_server_protocol.rs:666 update_semantic_highlight_tables; language_id="c"
22:14:57 WARN unnamed src/language_server_protocol.rs:3707 Failed to get workspace settings: Failed to read file (/home/ys.config/nvim/settings.json)
22:14:57 INFO unnamed src/language_server_protocol.rs:1946 text_document_did_open; params=Object({"bufnr": Number(1), "filename": String("/home/ys/Code/project/project-password-manager/src/main.c"), "languageId": String("c"), "position": Object({"character": Number(0), "line": Number(0)}), "viewport": Object({"end": Number(65), "start": Number(0)})})
22:14:57 INFO unnamed src/language_server_protocol.rs:1888 text_document_code_lens; params=Object({"bufnr": Number(1), "filename": String("/home/ys/Code/project/project-password-manager/src/main.c"), "languageId": String("c"), "position": Object({"character": Number(0), "line": Number(0)}), "viewport": Object({"end": Number(65), "start": Number(0)})})
22:14:57 INFO unnamed src/language_server_protocol.rs:2489 client_register_capability; language_id="c" params=Object({"registrations": Array([Object({"id": String("didChangeWatchedFiles"), "method": String("workspace/didChangeWatchedFiles"), "registerOptions": Object({"watchers": Array([Object({"globPattern": String("**/*")})])})})])})
22:14:57 INFO unnamed src/language_server_protocol.rs:2512 Watching glob pattern: **/*
22:14:57 INFO unnamed src/language_server_protocol.rs:2524 Start watching path ".ccls-cache"
22:14:57 INFO unnamed src/language_server_protocol.rs:2524 Start watching path ".ccls-cache/@@home@ys@Code@project@project-password-manager@src"
22:14:57 INFO unnamed src/language_server_protocol.rs:2524 Start watching path ".ccls-cache/@@home@ys@Code@project@project-password-manager@src/@usr@include@alloca.h"
22:14:57 INFO unnamed src/language_server_protocol.rs:2524 Start watching path ".ccls-cache/@@home@ys@Code@project@project-password-manager@src/@usr@include@alloca.h.blob"
22:14:57 INFO unnamed src/language_server_protocol.rs:2524 Start watching path ".ccls-cache/@@home@ys@Code@project@project-password-manager@src/@usr@include@curses.h"
22:14:57 INFO unnamed src/language_server_protocol.rs:2524 Start watching path ".ccls-cache/@@home@ys@Code@project@project-password-manager@src/@usr@include@curses.h.blob"
22:14:57 INFO unnamed src/language_server_protocol.rs:2524 Start watching path ".ccls-cache/@@home@ys@Code@project@project-password-manager@src/@usr@include@endian.h"
22:14:57 INFO unnamed src/language_server_protocol.rs:2524 Start watching path ".ccls-cache/@@home@ys@Code@project@project-password-manager@src/@usr@include@endian.h.blob"
22:14:57 INFO unnamed src/language_server_protocol.rs:2524 Start watching path ".ccls-cache/@@home@ys@Code@project@project-password-manager@src/@usr@include@features-time64.h"
22:14:57 INFO unnamed src/language_server_protocol.rs:2524 Start watching path ".ccls-cache/@@home@ys@Code@project@project-password-manager@src/@usr@include@features-time64.h.blob"
22:14:57 INFO unnamed src/language_server_protocol.rs:2524 Start watching path ".ccls-cache/@@home@ys@Code@project@project-password-manager@src/@usr@include@features.h"
22:14:57 INFO unnamed src/language_server_protocol.rs:2524 Start watching path ".ccls-cache/@@home@ys@Code@project@project-password-manager@src/@usr@include@features.h.blob"
22:14:57 INFO unnamed src/language_server_protocol.rs:2524 Start watching path ".ccls-cache/@@home@ys@Code@project@project-password-manager@src/@usr@include@locale.h"
22:14:57 INFO unnamed src/language_server_protocol.rs:2524 Start watching path ".ccls-cache/@@home@ys@Code@project@project-password-manager@src/@usr@include@locale.h.blob"
22:14:57 INFO unnamed src/language_server_protocol.rs:2524 Start watching path ".ccls-cache/@@home@ys@Code@project@project-password-manager@src/@usr@include@ncurses_dll.h"
22:14:57 INFO unnamed src/language_server_protocol.rs:2524 Start watching path ".ccls-cache/@@home@ys@Code@project@project-password-manager@src/@usr@include@ncurses_dll.h.blob"
22:14:57 INFO unnamed src/language_server_protocol.rs:2524 Start watching path ".ccls-cache/@@home@ys@Code@project@project-password-manager@src/@usr@include@panel.h"
22:14:57 INFO unnamed src/language_server_protocol.rs:2524 Start watching path ".ccls-cache/@@home@ys@Code@project@project-password-manager@src/@usr@include@panel.h.blob"
22:14:57 INFO unnamed src/language_server_protocol.rs:2524 Start watching path ".ccls-cache/@@home@ys@Code@project@project-password-manager@src/@usr@include@stdc-predef.h"
22:14:57 INFO unnamed src/language_server_protocol.rs:2524 Start watching path ".ccls-cache/@@home@ys@Code@project@project-password-manager@src/@usr@include@stdc-predef.h.blob"
22:14:57 INFO unnamed src/language_server_protocol.rs:2524 Start watching path ".ccls-cache/@@home@ys@Code@project@project-password-manager@src/@usr@include@stdint.h"
22:14:57 INFO unnamed src/language_server_protocol.rs:2524 Start watching path ".ccls-cache/@@home@ys@Code@project@project-password-manager@src/@usr@include@stdint.h.blob"
22:14:57 INFO unnamed src/language_server_protocol.rs:2524 Start watching path ".ccls-cache/@@home@ys@Code@project@project-password-manager@src/@usr@include@stdio.h"
22:14:57 INFO unnamed src/language_server_protocol.rs:2524 Start watching path ".ccls-cache/@@home@ys@Code@project@project-password-manager@src/@usr@include@stdio.h.blob"
22:14:57 INFO unnamed src/language_server_protocol.rs:2524 Start watching path ".ccls-cache/@@home@ys@Code@project@project-password-manager@src/@usr@include@stdlib.h"
22:14:57 INFO unnamed src/language_server_protocol.rs:2524 Start watching path ".ccls-cache/@@home@ys@Code@project@project-password-manager@src/@usr@include@stdlib.h.blob"
22:14:57 INFO unnamed src/language_server_protocol.rs:2524 Start watching path ".ccls-cache/@@home@ys@Code@project@project-password-manager@src/@usr@include@string.h"
22:14:57 INFO unnamed src/language_server_protocol.rs:2524 Start watching path ".ccls-cache/@@home@ys@Code@project@project-password-manager@src/@usr@include@string.h.blob"
22:14:57 INFO unnamed src/language_server_protocol.rs:2524 Start watching path ".ccls-cache/@@home@ys@Code@project@project-password-manager@src/@usr@include@strings.h"
22:14:57 INFO unnamed src/language_server_protocol.rs:2524 Start watching path ".ccls-cache/@@home@ys@Code@project@project-password-manager@src/@usr@include@strings.h.blob"
22:14:57 INFO unnamed src/language_server_protocol.rs:2524 Start watching path ".ccls-cache/@@home@ys@Code@project@project-password-manager@src/@usr@include@unctrl.h"
22:14:57 INFO unnamed src/language_server_protocol.rs:2524 Start watching path ".ccls-cache/@@home@ys@Code@project@project-password-manager@src/@usr@include@unctrl.h.blob"
22:14:57 INFO unnamed src/language_server_protocol.rs:2524 Start watching path ".ccls-cache/@@home@ys@Code@project@project-password-manager@src/@usr@include@wchar.h"
22:14:57 INFO unnamed src/language_server_protocol.rs:2524 Start watching path ".ccls-cache/@@home@ys@Code@project@project-password-manager@src/@usr@include@wchar.h.blob"
22:14:57 INFO unnamed src/language_server_protocol.rs:2524 Start watching path ".ccls-cache/@@home@ys@Code@project@project-password-manager@src/@usr@include@x86_64-linux-gnu@bits@atomic_wide_counter.h"
22:14:57 INFO unnamed src/language_server_protocol.rs:2524 Start watching path ".ccls-cache/@@home@ys@Code@project@project-password-manager@src/@usr@include@x86_64-linux-gnu@bits@atomic_wide_counter.h.blob"
22:14:57 INFO unnamed src/language_server_protocol.rs:2524 Start watching path ".ccls-cache/@@home@ys@Code@project@project-password-manager@src/@usr@include@x86_64-linux-gnu@bits@byteswap.h"
22:14:57 INFO unnamed src/language_server_protocol.rs:2524 Start watching path ".ccls-cache/@@home@ys@Code@project@project-password-manager@src/@usr@include@x86_64-linux-gnu@bits@byteswap.h.blob"
22:14:57 INFO unnamed src/language_server_protocol.rs:2524 Start watching path ".ccls-cache/@@home@ys@Code@project@project-password-manager@src/@usr@include@x86_64-linux-gnu@bits@endian.h"
22:14:57 INFO unnamed src/language_server_protocol.rs:2524 Start watching path ".ccls-cache/@@home@ys@Code@project@project-password-manager@src/@usr@include@x86_64-linux-gnu@bits@endian.h.blob"
22:14:57 INFO unnamed src/language_server_protocol.rs:2524 Start watching path ".ccls-cache/@@home@ys@Code@project@project-password-manager@src/@usr@include@x86_64-linux-gnu@bits@endianness.h"
22:14:57 INFO unnamed src/language_server_protocol.rs:2524 Start watching path ".ccls-cache/@@home@ys@Code@project@project-password-manager@src/@usr@include@x86_64-linux-gnu@bits@endianness.h.blob"
22:14:57 INFO unnamed src/language_server_protocol.rs:2524 Start watching path ".ccls-cache/@@home@ys@Code@project@project-password-manager@src/@usr@include@x86_64-linux-gnu@bits@floatn-common.h"
22:14:57 INFO unnamed src/language_server_protocol.rs:2524 Start watching path ".ccls-cache/@@home@ys@Code@project@project-password-manager@src/@usr@include@x86_64-linux-gnu@bits@floatn-common.h.blob"
22:14:57 INFO unnamed src/language_server_protocol.rs:2524 Start watching path ".ccls-cache/@@home@ys@Code@project@project-password-manager@src/@usr@include@x86_64-linux-gnu@bits@floatn.h"
22:14:57 INFO unnamed src/language_server_protocol.rs:2524 Start watching path ".ccls-cache/@@home@ys@Code@project@project-password-manager@src/@usr@include@x86_64-linux-gnu@bits@floatn.h.blob"
22:14:57 INFO unnamed src/language_server_protocol.rs:2524 Start watching path ".ccls-cache/@@home@ys@Code@project@project-password-manager@src/@usr@include@x86_64-linux-gnu@bits@libc-header-start.h"
22:14:57 INFO unnamed src/language_server_protocol.rs:2524 Start watching path ".ccls-cache/@@home@ys@Code@project@project-password-manager@src/@usr@include@x86_64-linux-gnu@bits@libc-header-start.h.blob"
22:14:57 INFO unnamed src/language_server_protocol.rs:2524 Start watching path ".ccls-cache/@@home@ys@Code@project@project-password-manager@src/@usr@include@x86_64-linux-gnu@bits@locale.h"
22:14:57 INFO unnamed src/language_server_protocol.rs:2524 Start watching path ".ccls-cache/@@home@ys@Code@project@project-password-manager@src/@usr@include@x86_64-linux-gnu@bits@locale.h.blob"
22:14:57 INFO unnamed src/language_server_protocol.rs:2524 Start watching path ".ccls-cache/@@home@ys@Code@project@project-password-manager@src/@usr@include@x86_64-linux-gnu@bits@long-double.h"
22:14:57 INFO unnamed src/language_server_protocol.rs:2524 Start watching path ".ccls-cache/@@home@ys@Code@project@project-password-manager@src/@usr@include@x86_64-linux-gnu@bits@long-double.h.blob"
22:14:57 INFO unnamed src/language_server_protocol.rs:2524 Start watching path ".ccls-cache/@@home@ys@Code@project@project-password-manager@src/@usr@include@x86_64-linux-gnu@bits@pthreadtypes-arch.h"
22:14:57 INFO unnamed src/language_server_protocol.rs:2524 Start watching path ".ccls-cache/@@home@ys@Code@project@project-password-manager@src/@usr@include@x86_64-linux-gnu@bits@pthreadtypes-arch.h.blob"
22:14:57 INFO unnamed src/language_server_protocol.rs:2524 Start watching path ".ccls-cache/@@home@ys@Code@project@project-password-manager@src/@usr@include@x86_64-linux-gnu@bits@pthreadtypes.h"
22:14:57 INFO unnamed src/language_server_protocol.rs:2524 Start watching path ".ccls-cache/@@home@ys@Code@project@project-password-manager@src/@usr@include@x86_64-linux-gnu@bits@pthreadtypes.h.blob"
22:14:57 INFO unnamed src/language_server_protocol.rs:2524 Start watching path ".ccls-cache/@@home@ys@Code@project@project-password-manager@src/@usr@include@x86_64-linux-gnu@bits@select.h"
22:14:57 INFO unnamed src/language_server_protocol.rs:2524 Start watching path ".ccls-cache/@@home@ys@Code@project@project-password-manager@src/@usr@include@x86_64-linux-gnu@bits@select.h.blob"
22:14:57 INFO unnamed src/language_server_protocol.rs:2524 Start watching path ".ccls-cache/@@home@ys@Code@project@project-password-manager@src/@usr@include@x86_64-linux-gnu@bits@stdint-intn.h"
22:14:57 INFO unnamed src/language_server_protocol.rs:2524 Start watching path ".ccls-cache/@@home@ys@Code@project@project-password-manager@src/@usr@include@x86_64-linux-gnu@bits@stdint-intn.h.blob"
22:14:57 INFO unnamed src/language_server_protocol.rs:2524 Start watching path ".ccls-cache/@@home@ys@Code@project@project-password-manager@src/@usr@include@x86_64-linux-gnu@bits@stdint-uintn.h"
22:14:57 INFO unnamed src/language_server_protocol.rs:2524 Start watching path ".ccls-cache/@@home@ys@Code@project@project-password-manager@src/@usr@include@x86_64-linux-gnu@bits@stdint-uintn.h.blob"
22:14:57 INFO unnamed src/language_server_protocol.rs:2524 Start watching path ".ccls-cache/@@home@ys@Code@project@project-password-manager@src/@usr@include@x86_64-linux-gnu@bits@stdio_lim.h"
22:14:57 INFO unnamed src/language_server_protocol.rs:2524 Start watching path ".ccls-cache/@@home@ys@Code@project@project-password-manager@src/@usr@include@x86_64-linux-gnu@bits@stdio_lim.h.blob"
22:14:57 INFO unnamed src/language_server_protocol.rs:2524 Start watching path ".ccls-cache/@@home@ys@Code@project@project-password-manager@src/@usr@include@x86_64-linux-gnu@bits@stdlib-float.h"
22:14:57 INFO unnamed src/language_server_protocol.rs:2524 Start watching path ".ccls-cache/@@home@ys@Code@project@project-password-manager@src/@usr@include@x86_64-linux-gnu@bits@stdlib-float.h.blob"
22:14:57 INFO unnamed src/language_server_protocol.rs:2524 Start watching path ".ccls-cache/@@home@ys@Code@project@project-password-manager@src/@usr@include@x86_64-linux-gnu@bits@struct_mutex.h"
22:14:57 INFO unnamed src/language_server_protocol.rs:2524 Start watching path ".ccls-cache/@@home@ys@Code@project@project-password-manager@src/@usr@include@x86_64-linux-gnu@bits@struct_mutex.h.blob"
22:14:57 INFO unnamed src/language_server_protocol.rs:2524 Start watching path ".ccls-cache/@@home@ys@Code@project@project-password-manager@src/@usr@include@x86_64-linux-gnu@bits@struct_rwlock.h"
22:14:57 INFO unnamed src/language_server_protocol.rs:2524 Start watching path ".ccls-cache/@@home@ys@Code@project@project-password-manager@src/@usr@include@x86_64-linux-gnu@bits@struct_rwlock.h.blob"
22:14:57 INFO unnamed src/language_server_protocol.rs:2524 Start watching path ".ccls-cache/@@home@ys@Code@project@project-password-manager@src/@usr@include@x86_64-linux-gnu@bits@thread-shared-types.h"
22:14:57 INFO unnamed src/language_server_protocol.rs:2524 Start watching path ".ccls-cache/@@home@ys@Code@project@project-password-manager@src/@usr@include@x86_64-linux-gnu@bits@thread-shared-types.h.blob"
22:14:57 INFO unnamed src/language_server_protocol.rs:2524 Start watching path ".ccls-cache/@@home@ys@Code@project@project-password-manager@src/@usr@include@x86_64-linux-gnu@bits@time64.h"
22:14:57 INFO unnamed src/language_server_protocol.rs:2524 Start watching path ".ccls-cache/@@home@ys@Code@project@project-password-manager@src/@usr@include@x86_64-linux-gnu@bits@time64.h.blob"
22:14:57 INFO unnamed src/language_server_protocol.rs:2524 Start watching path ".ccls-cache/@@home@ys@Code@project@project-password-manager@src/@usr@include@x86_64-linux-gnu@bits@timesize.h"
22:14:57 INFO unnamed src/language_server_protocol.rs:2524 Start watching path ".ccls-cache/@@home@ys@Code@project@project-password-manager@src/@usr@include@x86_64-linux-gnu@bits@timesize.h.blob"
22:14:57 INFO unnamed src/language_server_protocol.rs:2524 Start watching path ".ccls-cache/@@home@ys@Code@project@project-password-manager@src/@usr@include@x86_64-linux-gnu@bits@types.h"
22:14:57 INFO unnamed src/language_server_protocol.rs:2524 Start watching path ".ccls-cache/@@home@ys@Code@project@project-password-manager@src/@usr@include@x86_64-linux-gnu@bits@types.h.blob"
22:14:57 INFO unnamed src/language_server_protocol.rs:2524 Start watching path ".ccls-cache/@@home@ys@Code@project@project-password-manager@src/@usr@include@x86_64-linux-gnu@bits@types@FILE.h"
22:14:57 INFO unnamed src/language_server_protocol.rs:2524 Start watching path ".ccls-cache/@@home@ys@Code@project@project-password-manager@src/@usr@include@x86_64-linux-gnu@bits@types@FILE.h.blob"
22:14:57 INFO unnamed src/language_server_protocol.rs:2524 Start watching path ".ccls-cache/@@home@ys@Code@project@project-password-manager@src/@usr@include@x86_64-linux-gnu@bits@types@__FILE.h"
22:14:57 INFO unnamed src/language_server_protocol.rs:2524 Start watching path ".ccls-cache/@@home@ys@Code@project@project-password-manager@src/@usr@include@x86_64-linux-gnu@bits@types@__FILE.h.blob"
22:14:57 INFO unnamed src/language_server_protocol.rs:2524 Start watching path ".ccls-cache/@@home@ys@Code@project@project-password-manager@src/@usr@include@x86_64-linux-gnu@bits@types@__fpos64_t.h"
22:14:57 INFO unnamed src/language_server_protocol.rs:2524 Start watching path ".ccls-cache/@@home@ys@Code@project@project-password-manager@src/@usr@include@x86_64-linux-gnu@bits@types@__fpos64_t.h.blob"
22:14:57 INFO unnamed src/language_server_protocol.rs:2524 Start watching path ".ccls-cache/@@home@ys@Code@project@project-password-manager@src/@usr@include@x86_64-linux-gnu@bits@types@__fpos_t.h"
22:14:57 INFO unnamed src/language_server_protocol.rs:2524 Start watching path ".ccls-cache/@@home@ys@Code@project@project-password-manager@src/@usr@include@x86_64-linux-gnu@bits@types@__fpos_t.h.blob"
22:14:57 INFO unnamed src/language_server_protocol.rs:2524 Start watching path ".ccls-cache/@@home@ys@Code@project@project-password-manager@src/@usr@include@x86_64-linux-gnu@bits@types@__locale_t.h"
22:14:57 INFO unnamed src/language_server_protocol.rs:2524 Start watching path ".ccls-cache/@@home@ys@Code@project@project-password-manager@src/@usr@include@x86_64-linux-gnu@bits@types@__locale_t.h.blob"
22:14:57 INFO unnamed src/language_server_protocol.rs:2524 Start watching path ".ccls-cache/@@home@ys@Code@project@project-password-manager@src/@usr@include@x86_64-linux-gnu@bits@types@__mbstate_t.h"
22:14:57 INFO unnamed src/language_server_protocol.rs:2524 Start watching path ".ccls-cache/@@home@ys@Code@project@project-password-manager@src/@usr@include@x86_64-linux-gnu@bits@types@__mbstate_t.h.blob"
22:14:57 INFO unnamed src/language_server_protocol.rs:2524 Start watching path ".ccls-cache/@@home@ys@Code@project@project-password-manager@src/@usr@include@x86_64-linux-gnu@bits@types@__sigset_t.h"
22:14:57 INFO unnamed src/language_server_protocol.rs:2524 Start watching path ".ccls-cache/@@home@ys@Code@project@project-password-manager@src/@usr@include@x86_64-linux-gnu@bits@types@__sigset_t.h.blob"
22:14:57 INFO unnamed src/language_server_protocol.rs:2524 Start watching path ".ccls-cache/@@home@ys@Code@project@project-password-manager@src/@usr@include@x86_64-linux-gnu@bits@types@clock_t.h"
22:14:57 INFO unnamed src/language_server_protocol.rs:2524 Start watching path ".ccls-cache/@@home@ys@Code@project@project-password-manager@src/@usr@include@x86_64-linux-gnu@bits@types@clock_t.h.blob"
22:14:57 INFO unnamed src/language_server_protocol.rs:2524 Start watching path ".ccls-cache/@@home@ys@Code@project@project-password-manager@src/@usr@include@x86_64-linux-gnu@bits@types@clockid_t.h"
22:14:57 INFO unnamed src/language_server_protocol.rs:2524 Start watching path ".ccls-cache/@@home@ys@Code@project@project-password-manager@src/@usr@include@x86_64-linux-gnu@bits@types@clockid_t.h.blob"
22:14:57 INFO unnamed src/language_server_protocol.rs:2524 Start watching path ".ccls-cache/@@home@ys@Code@project@project-password-manager@src/@usr@include@x86_64-linux-gnu@bits@types@cookie_io_functions_t.h"
22:14:57 INFO unnamed src/language_server_protocol.rs:2524 Start watching path ".ccls-cache/@@home@ys@Code@project@project-password-manager@src/@usr@include@x86_64-linux-gnu@bits@types@cookie_io_functions_t.h.blob"
22:14:57 INFO unnamed src/language_server_protocol.rs:2524 Start watching path ".ccls-cache/@@home@ys@Code@project@project-password-manager@src/@usr@include@x86_64-linux-gnu@bits@types@locale_t.h"
22:14:57 INFO unnamed src/language_server_protocol.rs:2524 Start watching path ".ccls-cache/@@home@ys@Code@project@project-password-manager@src/@usr@include@x86_64-linux-gnu@bits@types@locale_t.h.blob"
22:14:57 INFO unnamed src/language_server_protocol.rs:2524 Start watching path ".ccls-cache/@@home@ys@Code@project@project-password-manager@src/@usr@include@x86_64-linux-gnu@bits@types@mbstate_t.h"
22:14:57 INFO unnamed src/language_server_protocol.rs:2524 Start watching path ".ccls-cache/@@home@ys@Code@project@project-password-manager@src/@usr@include@x86_64-linux-gnu@bits@types@mbstate_t.h.blob"
22:14:57 INFO unnamed src/language_server_protocol.rs:2524 Start watching path ".ccls-cache/@@home@ys@Code@project@project-password-manager@src/@usr@include@x86_64-linux-gnu@bits@types@sigset_t.h"
22:14:57 INFO unnamed src/language_server_protocol.rs:2524 Start watching path ".ccls-cache/@@home@ys@Code@project@project-password-manager@src/@usr@include@x86_64-linux-gnu@bits@types@sigset_t.h.blob"
22:14:57 INFO unnamed src/language_server_protocol.rs:2524 Start watching path ".ccls-cache/@@home@ys@Code@project@project-password-manager@src/@usr@include@x86_64-linux-gnu@bits@types@struct_FILE.h"
22:14:57 INFO unnamed src/language_server_protocol.rs:2524 Start watching path ".ccls-cache/@@home@ys@Code@project@project-password-manager@src/@usr@include@x86_64-linux-gnu@bits@types@struct_FILE.h.blob"
22:14:57 INFO unnamed src/language_server_protocol.rs:2524 Start watching path ".ccls-cache/@@home@ys@Code@project@project-password-manager@src/@usr@include@x86_64-linux-gnu@bits@types@struct_timespec.h"
22:14:57 INFO unnamed src/language_server_protocol.rs:2524 Start watching path ".ccls-cache/@@home@ys@Code@project@project-password-manager@src/@usr@include@x86_64-linux-gnu@bits@types@struct_timespec.h.blob"
22:14:57 INFO unnamed src/language_server_protocol.rs:2524 Start watching path ".ccls-cache/@@home@ys@Code@project@project-password-manager@src/@usr@include@x86_64-linux-gnu@bits@types@struct_timeval.h"
22:14:57 INFO unnamed src/language_server_protocol.rs:2524 Start watching path ".ccls-cache/@@home@ys@Code@project@project-password-manager@src/@usr@include@x86_64-linux-gnu@bits@types@struct_timeval.h.blob"
22:14:57 INFO unnamed src/language_server_protocol.rs:2524 Start watching path ".ccls-cache/@@home@ys@Code@project@project-password-manager@src/@usr@include@x86_64-linux-gnu@bits@types@time_t.h"
22:14:57 INFO unnamed src/language_server_protocol.rs:2524 Start watching path ".ccls-cache/@@home@ys@Code@project@project-password-manager@src/@usr@include@x86_64-linux-gnu@bits@types@time_t.h.blob"
22:14:57 INFO unnamed src/language_server_protocol.rs:2524 Start watching path ".ccls-cache/@@home@ys@Code@project@project-password-manager@src/@usr@include@x86_64-linux-gnu@bits@types@timer_t.h"
22:14:57 INFO unnamed src/language_server_protocol.rs:2524 Start watching path ".ccls-cache/@@home@ys@Code@project@project-password-manager@src/@usr@include@x86_64-linux-gnu@bits@types@timer_t.h.blob"
22:14:57 INFO unnamed src/language_server_protocol.rs:2524 Start watching path ".ccls-cache/@@home@ys@Code@project@project-password-manager@src/@usr@include@x86_64-linux-gnu@bits@types@wint_t.h"
22:14:57 INFO unnamed src/language_server_protocol.rs:2524 Start watching path ".ccls-cache/@@home@ys@Code@project@project-password-manager@src/@usr@include@x86_64-linux-gnu@bits@types@wint_t.h.blob"
22:14:57 INFO unnamed src/language_server_protocol.rs:2524 Start watching path ".ccls-cache/@@home@ys@Code@project@project-password-manager@src/@usr@include@x86_64-linux-gnu@bits@typesizes.h"
22:14:57 INFO unnamed src/language_server_protocol.rs:2524 Start watching path ".ccls-cache/@@home@ys@Code@project@project-password-manager@src/@usr@include@x86_64-linux-gnu@bits@typesizes.h.blob"
22:14:57 INFO unnamed src/language_server_protocol.rs:2524 Start watching path ".ccls-cache/@@home@ys@Code@project@project-password-manager@src/@usr@include@x86_64-linux-gnu@bits@uintn-identity.h"
22:14:57 INFO unnamed src/language_server_protocol.rs:2524 Start watching path ".ccls-cache/@@home@ys@Code@project@project-password-manager@src/@usr@include@x86_64-linux-gnu@bits@uintn-identity.h.blob"
22:14:57 INFO unnamed src/language_server_protocol.rs:2524 Start watching path ".ccls-cache/@@home@ys@Code@project@project-password-manager@src/@usr@include@x86_64-linux-gnu@bits@waitflags.h"
22:14:57 INFO unnamed src/language_server_protocol.rs:2524 Start watching path ".ccls-cache/@@home@ys@Code@project@project-password-manager@src/@usr@include@x86_64-linux-gnu@bits@waitflags.h.blob"
22:14:57 INFO unnamed src/language_server_protocol.rs:2524 Start watching path ".ccls-cache/@@home@ys@Code@project@project-password-manager@src/@usr@include@x86_64-linux-gnu@bits@waitstatus.h"
22:14:57 INFO unnamed src/language_server_protocol.rs:2524 Start watching path ".ccls-cache/@@home@ys@Code@project@project-password-manager@src/@usr@include@x86_64-linux-gnu@bits@waitstatus.h.blob"
22:14:57 INFO unnamed src/language_server_protocol.rs:2524 Start watching path ".ccls-cache/@@home@ys@Code@project@project-password-manager@src/@usr@include@x86_64-linux-gnu@bits@wchar.h"
22:14:57 INFO unnamed src/language_server_protocol.rs:2524 Start watching path ".ccls-cache/@@home@ys@Code@project@project-password-manager@src/@usr@include@x86_64-linux-gnu@bits@wchar.h.blob"
22:14:57 INFO unnamed src/language_server_protocol.rs:2524 Start watching path ".ccls-cache/@@home@ys@Code@project@project-password-manager@src/@usr@include@x86_64-linux-gnu@bits@wordsize.h"
22:14:57 INFO unnamed src/language_server_protocol.rs:2524 Start watching path ".ccls-cache/@@home@ys@Code@project@project-password-manager@src/@usr@include@x86_64-linux-gnu@bits@wordsize.h.blob"
22:14:57 INFO unnamed src/language_server_protocol.rs:2524 Start watching path ".ccls-cache/@@home@ys@Code@project@project-password-manager@src/@usr@include@x86_64-linux-gnu@gnu@stubs-64.h"
22:14:57 INFO unnamed src/language_server_protocol.rs:2524 Start watching path ".ccls-cache/@@home@ys@Code@project@project-password-manager@src/@usr@include@x86_64-linux-gnu@gnu@stubs-64.h.blob"
22:14:57 INFO unnamed src/language_server_protocol.rs:2524 Start watching path ".ccls-cache/@@home@ys@Code@project@project-password-manager@src/@usr@include@x86_64-linux-gnu@gnu@stubs.h"
22:14:57 INFO unnamed src/language_server_protocol.rs:2524 Start watching path ".ccls-cache/@@home@ys@Code@project@project-password-manager@src/@usr@include@x86_64-linux-gnu@gnu@stubs.h.blob"
22:14:57 INFO unnamed src/language_server_protocol.rs:2524 Start watching path ".ccls-cache/@@home@ys@Code@project@project-password-manager@src/@usr@include@x86_64-linux-gnu@sys@cdefs.h"
22:14:57 INFO unnamed src/language_server_protocol.rs:2524 Start watching path ".ccls-cache/@@home@ys@Code@project@project-password-manager@src/@usr@include@x86_64-linux-gnu@sys@cdefs.h.blob"
22:14:57 INFO unnamed src/language_server_protocol.rs:2524 Start watching path ".ccls-cache/@@home@ys@Code@project@project-password-manager@src/@usr@include@x86_64-linux-gnu@sys@select.h"
22:14:57 INFO unnamed src/language_server_protocol.rs:2524 Start watching path ".ccls-cache/@@home@ys@Code@project@project-password-manager@src/@usr@include@x86_64-linux-gnu@sys@select.h.blob"
22:14:57 INFO unnamed src/language_server_protocol.rs:2524 Start watching path ".ccls-cache/@@home@ys@Code@project@project-password-manager@src/@usr@include@x86_64-linux-gnu@sys@types.h"
22:14:57 INFO unnamed src/language_server_protocol.rs:2524 Start watching path ".ccls-cache/@@home@ys@Code@project@project-password-manager@src/@usr@include@x86_64-linux-gnu@sys@types.h.blob"
22:14:57 INFO unnamed src/language_server_protocol.rs:2524 Start watching path ".ccls-cache/@@home@ys@Code@project@project-password-manager@src/@usr@lib@llvm-12@lib@clang@12.0.1@include@__stddef_max_align_t.h"
22:14:57 INFO unnamed src/language_server_protocol.rs:2524 Start watching path ".ccls-cache/@@home@ys@Code@project@project-password-manager@src/@usr@lib@llvm-12@lib@clang@12.0.1@include@__stddef_max_align_t.h.blob"
22:14:57 INFO unnamed src/language_server_protocol.rs:2524 Start watching path ".ccls-cache/@@home@ys@Code@project@project-password-manager@src/@usr@lib@llvm-12@lib@clang@12.0.1@include@stdarg.h"
22:14:57 INFO unnamed src/language_server_protocol.rs:2524 Start watching path ".ccls-cache/@@home@ys@Code@project@project-password-manager@src/@usr@lib@llvm-12@lib@clang@12.0.1@include@stdarg.h.blob"
22:14:57 INFO unnamed src/language_server_protocol.rs:2524 Start watching path ".ccls-cache/@@home@ys@Code@project@project-password-manager@src/@usr@lib@llvm-12@lib@clang@12.0.1@include@stdbool.h"
22:14:57 INFO unnamed src/language_server_protocol.rs:2524 Start watching path ".ccls-cache/@@home@ys@Code@project@project-password-manager@src/@usr@lib@llvm-12@lib@clang@12.0.1@include@stdbool.h.blob"
22:14:57 INFO unnamed src/language_server_protocol.rs:2524 Start watching path ".ccls-cache/@@home@ys@Code@project@project-password-manager@src/@usr@lib@llvm-12@lib@clang@12.0.1@include@stddef.h"
22:14:57 INFO unnamed src/language_server_protocol.rs:2524 Start watching path ".ccls-cache/@@home@ys@Code@project@project-password-manager@src/@usr@lib@llvm-12@lib@clang@12.0.1@include@stddef.h.blob"
22:14:57 INFO unnamed src/language_server_protocol.rs:2524 Start watching path ".ccls-cache/@@home@ys@Code@project@project-password-manager@src/@usr@lib@llvm-12@lib@clang@12.0.1@include@stdint.h"
22:14:57 INFO unnamed src/language_server_protocol.rs:2524 Start watching path ".ccls-cache/@@home@ys@Code@project@project-password-manager@src/@usr@lib@llvm-12@lib@clang@12.0.1@include@stdint.h.blob"
22:14:57 INFO unnamed src/language_server_protocol.rs:2524 Start watching path ".ccls-cache/@home@ys@Code@project@project-password-manager@src"
22:14:57 INFO unnamed src/language_server_protocol.rs:2524 Start watching path ".ccls-cache/@home@ys@Code@project@project-password-manager@src/main.c"
22:14:57 INFO unnamed src/language_server_protocol.rs:2524 Start watching path ".ccls-cache/@home@ys@Code@project@project-password-manager@src/main.c.blob"
22:14:57 INFO unnamed src/language_server_protocol.rs:2524 Start watching path ".ccls-cache/@home@ys@Code@project@project-password-manager@src/main.h"
22:14:57 INFO unnamed src/language_server_protocol.rs:2524 Start watching path ".ccls-cache/@home@ys@Code@project@project-password-manager@src/main.h.blob"
22:14:57 INFO unnamed src/language_server_protocol.rs:2524 Start watching path "Makefile"
22:14:57 INFO unnamed src/language_server_protocol.rs:2524 Start watching path "main"
22:14:57 INFO unnamed src/language_server_protocol.rs:2524 Start watching path "main.c"
22:14:57 INFO unnamed src/language_server_protocol.rs:2524 Start watching path "main.h"
22:14:57 INFO unnamed src/language_server_protocol.rs:2524 Start watching path "structs"
22:14:57 INFO unnamed src/language_server_protocol.rs:2524 Start watching path "structs/commands"
22:14:57 INFO unnamed src/language_server_protocol.rs:2524 Start watching path "structs/commands/commands.c"
22:14:57 INFO unnamed src/language_server_protocol.rs:2524 Start watching path "structs/entry"
22:14:57 INFO unnamed src/language_server_protocol.rs:2524 Start watching path "structs/entry/Entry.h"
22:14:57 INFO unnamed src/language_server_protocol.rs:2524 Start watching path "structs/linkedList"
22:14:57 INFO unnamed src/language_server_protocol.rs:2524 Start watching path "structs/linkedList/LinkedList.h"
22:14:57 INFO unnamed src/language_server_protocol.rs:2524 Start watching path "structs/panel"
22:14:57 INFO unnamed src/language_server_protocol.rs:2524 Start watching path "structs/scrollingList"
22:14:57 INFO unnamed src/language_server_protocol.rs:2524 Start watching path "structs/scrollingList/scrollingList.c"
22:14:57 INFO unnamed src/language_server_protocol.rs:2524 Start watching path "structs/window"
22:14:57 INFO unnamed src/language_server_protocol.rs:2524 Start watching path "structs/window/window.c"
22:14:57 INFO unnamed src/language_server_protocol.rs:2524 Start watching path "test.txt"
22:14:57 INFO unnamed src/language_server_protocol.rs:2095 text_document_publish_diagnostics; params=Object({"diagnostics": Array([Object({"code": Number(2), "message": String("unknown type name \'CDKSCREEN\'; did you mean \'SCREEN\'?"), "range": Object({"end": Object({"character": Number(12), "line": Number(43)}), "start": Object({"character": Number(3), "line": Number(43)})}), "relatedInformation": Array([Object({"location": Object({"range": Object({"end": Object({"character": Number(29), "line": Number(438)}), "start": Object({"character": Number(23), "line": Number(438)})}), "uri": String("file:///usr/include/curses.h")}), "message": String("\'SCREEN\' declared here")})]), "severity": Number(1), "source": String("ccls")}), Object({"code": Number(2), "message": String("use of undeclared identifier \'CDKSCROLL\'"), "range": Object({"end": Object({"character": Number(12), "line": Number(44)}), "start": Object({"character": Number(3), "line": Number(44)})}), "relatedInformation": Array([]), "severity": Number(1), "source": String("ccls")}), Object({"code": Number(2), "message": String("implicit declaration of function \'initCDKScreen\' is invalid in C99"), "range": Object({"end": Object({"character": Number(28), "line": Number(45)}), "start": Object({"character": Number(15), "line": Number(45)})}), "relatedInformation": Array([]), "severity": Number(2), "source": String("ccls")}), Object({"code": Number(26), "message": String("incompatible integer to pointer conversion assigning to \'SCREEN *\' (aka \'struct screen *\') from \'int\'"), "range": Object({"end": Object({"character": Number(14), "line": Number(45)}), "start": Object({"character": Number(13), "line": Number(45)})}), "relatedInformation": Array([]), "severity": Number(2), "source": String("ccls")}), Object({"code": Number(2), "message": String("implicit declaration of function \'newCDKScroll\' is invalid in C99"), "range": Object({"end": Object({"character": Number(24), "line": Number(56)}), "start": Object({"character": Number(12), "line": Number(56)})}), "relatedInformation": Array([]), "severity": Number(2), "source": String("ccls")}), Object({"code": Number(2), "message": String("non-object type \'int (WINDOW *)\' (aka \'int (struct _win_st *)\') is not assignable"), "range": Object({"end": Object({"character": Number(11), "line": Number(56)}), "start": Object({"character": Number(10), "line": Number(56)})}), "relatedInformation": Array([]), "severity": Number(1), "source": String("ccls")}), Object({"code": Number(2), "message": String("implicitly declaring library function \'memset\' with type \'void *(void *, int, unsigned long)\'"), "range": Object({"end": Object({"character": Number(15), "line": Number(83)}), "start": Object({"character": Number(9), "line": Number(83)})}), "relatedInformation": Array([Object({"location": Object({"range": Object({"end": Object({"character": Number(15), "line": Number(83)}), "start": Object({"character": Number(9), "line": Number(83)})}), "uri": String("file:///home/ys/Code/project/project-password-manager/src/main.c")}), "message": String("include the header <string.h> or explicitly provide a declaration for \'memset\'")})]), "severity": Number(2), "source": String("ccls")}), Object({"code": Number(2), "message": String("implicit declaration of function \'activateCDKScroll\' is invalid in C99"), "range": Object({"end": Object({"character": Number(26), "line": Number(93)}), "start": Object({"character": Number(9), "line": Number(93)})}), "relatedInformation": Array([]), "severity": Number(2), "source": String("ccls")}), Object({"code": Number(2), "message": String("implicit declaration of function \'drawCDKScreen\' is invalid in C99"), "range": Object({"end": Object({"character": Number(22), "line": Number(94)}), "start": Object({"character": Number(9), "line": Number(94)})}), "relatedInformation": Array([]), "severity": Number(2), "source": String("ccls")}), Object({"code": Number(2), "message": String("implicitly declaring library function \'strlen\' with type \'unsigned long (const char *)\'"), "range": Object({"end": Object({"character": Number(38), "line": Number(102)}), "start": Object({"character": Number(32), "line": Number(102)})}), "relatedInformation": Array([Object({"location": Object({"range": Object({"end": Object({"character": Number(38), "line": Number(102)}), "start": Object({"character": Number(32), "line": Number(102)})}), "uri": String("file:///home/ys/Code/project/project-password-manager/src/main.c")}), "message": String("include the header <string.h> or explicitly provide a declaration for \'strlen\'")})]), "severity": Number(2), "source": String("ccls")}), Object({"code": Number(2), "message": String("implicitly declaring library function \'strcpy\' with type \'char *(char *, const char *)\'"), "range": Object({"end": Object({"character": Number(15), "line": Number(115)}), "start": Object({"character": Number(9), "line": Number(115)})}), "relatedInformation": Array([Object({"location": Object({"range": Object({"end": Object({"character": Number(15), "line": Number(115)}), "start": Object({"character": Number(9), "line": Number(115)})}), "uri": String("file:///home/ys/Code/project/project-password-manager/src/main.c")}), "message": String("include the header <string.h> or explicitly provide a declaration for \'strcpy\'")})]), "severity": Number(2), "source": String("ccls")}), Object({"code": Number(2), "message": String("implicitly declaring library function \'strcat\' with type \'char *(char *, const char *)\'"), "range": Object({"end": Object({"character": Number(15), "line": Number(124)}), "start": Object({"character": Number(9), "line": Number(124)})}), "relatedInformation": Array([Object({"location": Object({"range": Object({"end": Object({"character": Number(15), "line": Number(124)}), "start": Object({"character": Number(9), "line": Number(124)})}), "uri": String("file:///home/ys/Code/project/project-password-manager/src/main.c")}), "message": String("include the header <string.h> or explicitly provide a declaration for \'strcat\'")})]), "severity": Number(2), "source": String("ccls")}), Object({"code": Number(2), "message": String("use of undeclared identifier \'KEY_ESC\'"), "range": Object({"end": Object({"character": Number(44), "line": Number(133)}), "start": Object({"character": Number(37), "line": Number(133)})}), "relatedInformation": Array([]), "severity": Number(1), "source": String("ccls")}), Object({"code": Number(2), "message": String("implicit declaration of function \'destroyCDKScroll\' is invalid in C99"), "range": Object({"end": Object({"character": Number(19), "line": Number(146)}), "start": Object({"character": Number(3), "line": Number(146)})}), "relatedInformation": Array([]), "severity": Number(2), "source": String("ccls")}), Object({"code": Number(2), "message": String("implicit declaration of function \'destroyCDKScreen\' is invalid in C99"), "range": Object({"end": Object({"character": Number(19), "line": Number(147)}), "start": Object({"character": Number(3), "line": Number(147)})}), "relatedInformation": Array([]), "severity": Number(2), "source": String("ccls")}), Object({"code": Number(2), "message": String("implicit declaration of function \'endCDK\' is invalid in C99"), "range": Object({"end": Object({"character": Number(9), "line": Number(148)}), "start": Object({"character": Number(3), "line": Number(148)})}), "relatedInformation": Array([]), "severity": Number(2), "source": String("ccls")}), Object({"code": Number(2), "message": String("array index 2 is past the end of the array (which contains 2 elements)"), "range": Object({"end": Object({"character": Number(8), "line": Number(35)}), "start": Object({"character": Number(3), "line": Number(35)})}), "relatedInformation": Array([Object({"location": Object({"range": Object({"end": Object({"character": Number(8), "line": Number(33)}), "start": Object({"character": Number(3), "line": Number(33)})}), "uri": String("file:///home/ys/Code/project/project-password-manager/src/main.c")}), "message": String("array \'panel\' declared here")})]), "severity": Number(2), "source": String("ccls")}), Object({"code": Number(2), "message": String("array index 2 is past the end of the array (which contains 2 elements)"), "range": Object({"end": Object({"character": Number(19), "line": Number(38)}), "start": Object({"character": Number(14), "line": Number(38)})}), "relatedInformation": Array([Object({"location": Object({"range": Object({"end": Object({"character": Number(8), "line": Number(33)}), "start": Object({"character": Number(3), "line": Number(33)})}), "uri": String("file:///home/ys/Code/project/project-password-manager/src/main.c")}), "message": String("array \'panel\' declared here")})]), "severity": Number(2), "source": String("ccls")}), Object({"code": Number(2), "message": String("\'memset\' call operates on objects of type \'char\' while the size is based on a different type \'char *\'"), "range": Object({"end": Object({"character": Number(36), "line": Number(83)}), "start": Object({"character": Number(32), "line": Number(83)})}), "relatedInformation": Array([Object({"location": Object({"range": Object({"end": Object({"character": Number(36), "line": Number(83)}), "start": Object({"character": Number(32), "line": Number(83)})}), "uri": String("file:///home/ys/Code/project/project-password-manager/src/main.c")}), "message": String("did you mean to provide an explicit length?")})]), "severity": Number(2), "source": String("ccls")}), Object({"code": Number(2), "message": String("array index 2 is past the end of the array (which contains 2 elements)"), "range": Object({"end": Object({"character": Number(25), "line": Number(86)}), "start": Object({"character": Number(20), "line": Number(86)})}), "relatedInformation": Array([Object({"location": Object({"range": Object({"end": Object({"character": Number(8), "line": Number(33)}), "start": Object({"character": Number(3), "line": Number(33)})}), "uri": String("file:///home/ys/Code/project/project-password-manager/src/main.c")}), "message": String("array \'panel\' declared here")})]), "severity": Number(2), "source": String("ccls")}), Object({"code": Number(2), "message": String("\'memset\' call operates on objects of type \'char\' while the size is based on a different type \'char *\'"), "range": Object({"end": Object({"character": Number(39), "line": Number(112)}), "start": Object({"character": Number(35), "line": Number(112)})}), "relatedInformation": Array([Object({"location": Object({"range": Object({"end": Object({"character": Number(39), "line": Number(112)}), "start": Object({"character": Number(35), "line": Number(112)})}), "uri": String("file:///home/ys/Code/project/project-password-manager/src/main.c")}), "message": String("did you mean to provide an explicit length?")})]), "severity": Number(2), "source": String("ccls")}), Object({"code": Number(2), "message": String("array index 2 is past the end of the array (which contains 2 elements)"), "range": Object({"end": Object({"character": Number(25), "line": Number(126)}), "start": Object({"character": Number(20), "line": Number(126)})}), "relatedInformation": Array([Object({"location": Object({"range": Object({"end": Object({"character": Number(8), "line": Number(33)}), "start": Object({"character": Number(3), "line": Number(33)})}), "uri": String("file:///home/ys/Code/project/project-password-manager/src/main.c")}), "message": String("array \'panel\' declared here")})]), "severity": Number(2), "source": String("ccls")}), Object({"code": Number(2), "message": String("\'memset\' call operates on objects of type \'char\' while the size is based on a different type \'char *\'"), "range": Object({"end": Object({"character": Number(36), "line": Number(135)}), "start": Object({"character": Number(32), "line": Number(135)})}), "relatedInformation": Array([Object({"location": Object({"range": Object({"end": Object({"character": Number(36), "line": Number(135)}), "start": Object({"character": Number(32), "line": Number(135)})}), "uri": String("file:///home/ys/Code/project/project-password-manager/src/main.c")}), "message": String("did you mean to provide an explicit length?")})]), "severity": Number(2), "source": String("ccls")}), Object({"code": Number(2), "message": String("array index 2 is past the end of the array (which contains 2 elements)"), "range": Object({"end": Object({"character": Number(25), "line": Number(138)}), "start": Object({"character": Number(20), "line": Number(138)})}), "relatedInformation": Array([Object({"location": Object({"range": Object({"end": Object({"character": Number(8), "line": Number(33)}), "start": Object({"character": Number(3), "line": Number(33)})}), "uri": String("file:///home/ys/Code/project/project-password-manager/src/main.c")}), "message": String("array \'panel\' declared here")})]), "severity": Number(2), "source": String("ccls")})]), "uri": String("file:///home/ys/Code/project/project-password-manager/src/main.c")})
22:14:57 INFO unnamed src/vim.rs:225 Begin setqflist
22:14:57 INFO unnamed src/language_server_protocol.rs:2873 handle_cursor_moved; params=Null force_redraw=true
22:14:57 INFO unnamed src/language_server_protocol.rs:2847 get_signs_to_display; filename="/home/ys/Code/project/project-password-manager/src/main.c" viewport=Viewport { start: 0, end: 65 }
22:14:57 WARN unnamed src/rpchandler.rs:217 Message not handled: Notification { jsonrpc: Some(V2), method: "$ccls/publishSkippedRanges", params: Map({"skippedRanges": Array([]), "uri": String("file:///home/ys/Code/project/project-password-manager/src/main.c")}) }
22:14:57 WARN unnamed src/rpchandler.rs:217 Message not handled: Notification { jsonrpc: Some(V2), method: "$ccls/publishSemanticHighlight", params: Map({"symbols": Array([Object({"id": Number(33), "kind": Number(12), "lsRanges": Array([]), "parentKind": Number(0), "ranges": Array([Object({"L": Number(92), "R": Number(103)})]), "storage": Number(0)}), Object({"id": Number(302), "kind": Number(13), "lsRanges": Array([]), "parentKind": Number(12), "ranges": Array([Object({"L": Number(1567), "R": Number(1574)}), Object({"L": Number(2405), "R": Number(2412)}), Object({"L": Number(2678), "R": Number(2685)}), Object({"L": Number(3302), "R": Number(3309)})]), "storage": Number(0)}), Object({"id": Number(19), "kind": Number(12), "lsRanges": Array([]), "parentKind": Number(0), "ranges": Array([Object({"L": Number(202), "R": Number(220)})]), "storage": Number(0)}), Object({"id": Number(23), "kind": Number(12), "lsRanges": Array([]), "parentKind": Number(0), "ranges": Array([Object({"L": Number(3193), "R": Number(3203)})]), "storage": Number(0)}), Object({"id": Number(299), "kind": Number(13), "lsRanges": Array([]), "parentKind": Number(12), "ranges": Array([Object({"L": Number(2437), "R": Number(2444)}), Object({"L": Number(2594), "R": Number(2601)})]), "storage": Number(0)}), Object({"id": Number(25), "kind": Number(12), "lsRanges": Array([]), "parentKind": Number(0), "ranges": Array([Object({"L": Number(3718), "R": Number(3724)})]), "storage": Number(0)}), Object({"id": Number(325), "kind": Number(0), "lsRanges": Array([]), "parentKind": Number(0), "ranges": Array([Object({"L": Number(1523), "R": Number(1528)}), Object({"L": Number(1551), "R": Number(1556)}), Object({"L": Number(1964), "R": Number(1969)}), Object({"L": Number(2774), "R": Number(2779)}), Object({"L": Number(3394), "R": Number(3399)})]), "storage": Number(0)}), Object({"id": Number(37), "kind": Number(12), "lsRanges": Array([]), "parentKind": Number(0), "ranges": Array([Object({"L": Number(2525), "R": Number(2532)})]), "storage": Number(0)}), Object({"id": Number(327), "kind": Number(0), "lsRanges": Array([]), "parentKind": Number(0), "ranges": Array([Object({"L": Number(227), "R": Number(234)}), Object({"L": Number(1490), "R": Number(1497)})]), "storage": Number(0)}), Object({"id": Number(304), "kind": Number(13), "lsRanges": Array([]), "parentKind": Number(0), "ranges": Array([Object({"L": Number(557), "R": Number(561)}), Object({"L": Number(611), "R": Number(615)})]), "storage": Number(1)}), Object({"id": Number(8), "kind": Number(252), "lsRanges": Array([]), "parentKind": Number(0), "ranges": Array([Object({"L": Number(2472), "R": Number(2478)})]), "storage": Number(0)}), Object({"id": Number(323), "kind": Number(0), "lsRanges": Array([]), "parentKind": Number(0), "ranges": Array([Object({"L": Number(285), "R": Number(296)})]), "storage": Number(0)}), Object({"id": Number(320), "kind": Number(0), "lsRanges": Array([]), "parentKind": Number(0), "ranges": Array([Object({"L": Number(663), "R": Number(673)}), Object({"L": Number(700), "R": Number(710)}), Object({"L": Number(777), "R": Number(787)})]), "storage": Number(0)}), Object({"id": Number(308), "kind": Number(13), "lsRanges": Array([]), "parentKind": Number(12), "ranges": Array([Object({"L": Number(1511), "R": Number(1520)}), Object({"L": Number(1690), "R": Number(1699)}), Object({"L": Number(1952), "R": Number(1961)}), Object({"L": Number(2361), "R": Number(2370)}), Object({"L": Number(2761), "R": Number(2770)}), Object({"L": Number(2876), "R": Number(2885)}), Object({"L": Number(3382), "R": Number(3391)})]), "storage": Number(0)}), Object({"id": Number(298), "kind": Number(13), "lsRanges": Array([]), "parentKind": Number(12), "ranges": Array([Object({"L": Number(2479), "R": Number(2492)}), Object({"L": Number(2539), "R": Number(2552)}), Object({"L": Number(2573), "R": Number(2586)}), Object({"L": Number(2617), "R": Number(2630)})]), "storage": Number(0)}), Object({"id": Number(315), "kind": Number(0), "lsRanges": Array([]), "parentKind": Number(0), "ranges": Array([Object({"L": Number(2653), "R": Number(2662)}), Object({"L": Number(3149), "R": Number(3158)})]), "storage": Number(0)}), Object({"id": Number(306), "kind": Number(13), "lsRanges": Array([]), "parentKind": Number(12), "ranges": Array([Object({"L": Number(1618), "R": Number(1624)}), Object({"L": Number(2910), "R": Number(2916)}), Object({"L": Number(2954), "R": Number(2960)}), Object({"L": Number(3131), "R": Number(3137)})]), "storage": Number(0)}), Object({"id": Number(35), "kind": Number(12), "lsRanges": Array([]), "parentKind": Number(0), "ranges": Array([Object({"L": Number(2940), "R": Number(2946)})]), "storage": Number(0)}), Object({"id": Number(310), "kind": Number(13), "lsRanges": Array([]), "parentKind": Number(0), "ranges": Array([Object({"L": Number(85), "R": Number(87)}), Object({"L": Number(234), "R": Number(236)}), Object({"L": Number(1497), "R": Number(1499)}), Object({"L": Number(1659), "R": Number(1661)}), Object({"L": Number(3705), "R": Number(3711)})]), "storage": Number(1)}), Object({"id": Number(24), "kind": Number(12), "lsRanges": Array([]), "parentKind": Number(0), "ranges": Array([Object({"L": Number(2020), "R": Number(2026)}), Object({"L": Number(3450), "R": Number(3456)})]), "storage": Number(0)}), Object({"id": Number(14), "kind": Number(12), "lsRanges": Array([]), "parentKind": Number(0), "ranges": Array([Object({"L": Number(2215), "R": Number(2221)}), Object({"L": Number(3641), "R": Number(3647)})]), "storage": Number(0)}), Object({"id": Number(34), "kind": Number(12), "lsRanges": Array([]), "parentKind": Number(0), "ranges": Array([Object({"L": Number(928), "R": Number(938)}), Object({"L": Number(2080), "R": Number(2090)}), Object({"L": Number(3510), "R": Number(3520)})]), "storage": Number(0)}), Object({"id": Number(309), "kind": Number(13), "lsRanges": Array([]), "parentKind": Number(12), "ranges": Array([Object({"L": Number(417), "R": Number(435)}), Object({"L": Number(631), "R": Number(649)})]), "storage": Number(0)}), Object({"id": Number(312), "kind": Number(13), "lsRanges": Array([]), "parentKind": Number(12), "ranges": Array([Object({"L": Number(511), "R": Number(518)}), Object({"L": Number(526), "R": Number(533)}), Object({"L": Number(588), "R": Number(595)}), Object({"L": Number(688), "R": Number(695)}), Object({"L": Number(728), "R": Number(735)}), Object({"L": Number(753), "R": Number(760)}), Object({"L": Number(850), "R": Number(857)}), Object({"L": Number(887), "R": Number(894)}), Object({"L": Number(2027), "R": Number(2034)}), Object({"L": Number(2058), "R": Number(2065)}), Object({"L": Number(2663), "R": Number(2670)}), Object({"L": Number(2716), "R": Number(2723)}), Object({"L": Number(3159), "R": Number(3166)}), Object({"L": Number(3280), "R": Number(3287)}), Object({"L": Number(3457), "R": Number(3464)}), Object({"L": Number(3488), "R": Number(3495)})]), "storage": Number(0)}), Object({"id": Number(300), "kind": Number(13), "lsRanges": Array([]), "parentKind": Number(12), "ranges": Array([Object({"L": Number(1591), "R": Number(1595)}), Object({"L": Number(1987), "R": Number(1991)}), Object({"L": Number(2003), "R": Number(2007)}), Object({"L": Number(2502), "R": Number(2506)}), Object({"L": Number(2518), "R": Number(2522)}), Object({"L": Number(2533), "R": Number(2537)}), Object({"L": Number(2568), "R": Number(2572)}), Object({"L": Number(2612), "R": Number(2616)}), Object({"L": Number(2691), "R": Number(2695)}), Object({"L": Number(2796), "R": Number(2800)}), Object({"L": Number(2832), "R": Number(2836)}), Object({"L": Number(2848), "R": Number(2852)}), Object({"L": Number(2933), "R": Number(2937)}), Object({"L": Number(2982), "R": Number(2986)}), Object({"L": Number(3098), "R": Number(3102)}), Object({"L": Number(3125), "R": Number(3129)}), Object({"L": Number(3177), "R": Number(3181)}), Object({"L": Number(3417), "R": Number(3421)}), Object({"L": Number(3433), "R": Number(3437)})]), "storage": Number(0)}), Object({"id": Number(29), "kind": Number(12), "lsRanges": Array([]), "parentKind": Number(0), "ranges": Array([Object({"L": Number(953), "R": Number(966)}), Object({"L": Number(2111), "R": Number(2124)}), Object({"L": Number(2304), "R": Number(2317)}), Object({"L": Number(3224), "R": Number(3237)}), Object({"L": Number(3541), "R": Number(3554)})]), "storage": Number(0)}), Object({"id": Number(41), "kind": Number(12), "lsRanges": Array([]), "parentKind": Number(0), "ranges": Array([Object({"L": Number(3698), "R": Number(3704)})]), "storage": Number(0)}), Object({"id": Number(321), "kind": Number(0), "lsRanges": Array([]), "parentKind": Number(0), "ranges": Array([Object({"L": Number(2388), "R": Number(2401)})]), "storage": Number(0)}), Object({"id": Number(39), "kind": Number(12), "lsRanges": Array([]), "parentKind": Number(0), "ranges": Array([Object({"L": Number(3010), "R": Number(3016)})]), "storage": Number(0)}), Object({"id": Number(311), "kind": Number(13), "lsRanges": Array([]), "parentKind": Number(12), "ranges": Array([Object({"L": Number(265), "R": Number(267)}), Object({"L": Number(1649), "R": Number(1651)}), Object({"L": Number(1711), "R": Number(1713)}), Object({"L": Number(2170), "R": Number(2172)}), Object({"L": Number(2382), "R": Number(2384)}), Object({"L": Number(2459), "R": Number(2461)}), Object({"L": Number(2748), "R": Number(2750)})]), "storage": Number(0)}), Object({"id": Number(318), "kind": Number(0), "lsRanges": Array([]), "parentKind": Number(0), "ranges": Array([Object({"L": Number(1505), "R": Number(1509)}), Object({"L": Number(1533), "R": Number(1537)})]), "storage": Number(0)}), Object({"id": Number(307), "kind": Number(13), "lsRanges": Array([]), "parentKind": Number(12), "ranges": Array([Object({"L": Number(341), "R": Number(354)}), Object({"L": Number(569), "R": Number(582)})]), "storage": Number(0)}), Object({"id": Number(324), "kind": Number(0), "lsRanges": Array([]), "parentKind": Number(0), "ranges": Array([Object({"L": Number(1374), "R": Number(1378)}), Object({"L": Number(1391), "R": Number(1395)})]), "storage": Number(0)}), Object({"id": Number(27), "kind": Number(12), "lsRanges": Array([]), "parentKind": Number(1), "ranges": Array([Object({"L": Number(22), "R": Number(26)})]), "storage": Number(0)}), Object({"id": Number(9), "kind": Number(0), "lsRanges": Array([]), "parentKind": Number(0), "ranges": Array([Object({"L": Number(1040), "R": Number(1044)}), Object({"L": Number(1072), "R": Number(1076)}), Object({"L": Number(1603), "R": Number(1607)}), Object({"L": Number(2223), "R": Number(2227)}), Object({"L": Number(2804), "R": Number(2808)}), Object({"L": Number(2990), "R": Number(2994)})]), "storage": Number(0)}), Object({"id": Number(303), "kind": Number(13), "lsRanges": Array([]), "parentKind": Number(0), "ranges": Array([Object({"L": Number(546), "R": Number(551)}), Object({"L": Number(617), "R": Number(622)})]), "storage": Number(1)}), Object({"id": Number(28), "kind": Number(12), "lsRanges": Array([]), "parentKind": Number(0), "ranges": Array([Object({"L": Number(682), "R": Number(687)})]), "storage": Number(0)}), Object({"id": Number(30), "kind": Number(12), "lsRanges": Array([]), "parentKind": Number(0), "ranges": Array([Object({"L": Number(904), "R": Number(913)}), Object({"L": Number(2274), "R": Number(2283)})]), "storage": Number(0)}), Object({"id": Number(314), "kind": Number(13), "lsRanges": Array([]), "parentKind": Number(12), "ranges": Array([Object({"L": Number(1213), "R": Number(1221)})]), "storage": Number(0)}), Object({"id": Number(31), "kind": Number(12), "lsRanges": Array([]), "parentKind": Number(0), "ranges": Array([Object({"L": Number(973), "R": Number(981)}), Object({"L": Number(2137), "R": Number(2145)}), Object({"L": Number(2330), "R": Number(2338)}), Object({"L": Number(3250), "R": Number(3258)}), Object({"L": Number(3567), "R": Number(3575)})]), "storage": Number(0)}), Object({"id": Number(317), "kind": Number(0), "lsRanges": Array([]), "parentKind": Number(0), "ranges": Array([Object({"L": Number(656), "R": Number(662)})]), "storage": Number(0)}), Object({"id": Number(21), "kind": Number(12), "lsRanges": Array([]), "parentKind": Number(0), "ranges": Array([Object({"L": Number(53), "R": Number(60)})]), "storage": Number(0)}), Object({"id": Number(313), "kind": Number(13), "lsRanges": Array([]), "parentKind": Number(12), "ranges": Array([Object({"L": Number(1136), "R": Number(1141)}), Object({"L": Number(1231), "R": Number(1236)}), Object({"L": Number(1247), "R": Number(1252)})]), "storage": Number(0)}), Object({"id": Number(301), "kind": Number(13), "lsRanges": Array([]), "parentKind": Number(12), "ranges": Array([Object({"L": Number(1539), "R": Number(1543)})]), "storage": Number(0)}), Object({"id": Number(20), "kind": Number(12), "lsRanges": Array([]), "parentKind": Number(0), "ranges": Array([Object({"L": Number(110), "R": Number(118)})]), "storage": Number(0)}), Object({"id": Number(26), "kind": Number(12), "lsRanges": Array([]), "parentKind": Number(0), "ranges": Array([Object({"L": Number(67), "R": Number(73)})]), "storage": Number(0)}), Object({"id": Number(328), "kind": Number(0), "lsRanges": Array([]), "parentKind": Number(0), "ranges": Array([Object({"L": Number(1380), "R": Number(1389)})]), "storage": Number(0)}), Object({"id": Number(305), "kind": Number(13), "lsRanges": Array([]), "parentKind": Number(12), "ranges": Array([Object({"L": Number(816), "R": Number(821)}), Object({"L": Number(829), "R": Number(834)}), Object({"L": Number(866), "R": Number(871)}), Object({"L": Number(914), "R": Number(919)}), Object({"L": Number(939), "R": Number(944)}), Object({"L": Number(2091), "R": Number(2096)}), Object({"L": Number(2284), "R": Number(2289)}), Object({"L": Number(3204), "R": Number(3209)}), Object({"L": Number(3521), "R": Number(3526)})]), "storage": Number(0)}), Object({"id": Number(331), "kind": Number(0), "lsRanges": Array([]), "parentKind": Number(0), "ranges": Array([Object({"L": Number(1654), "R": Number(1659)})]), "storage": Number(0)}), Object({"id": Number(17), "kind": Number(12), "lsRanges": Array([]), "parentKind": Number(0), "ranges": Array([Object({"L": Number(719), "R": Number(727)}), Object({"L": Number(744), "R": Number(752)}), Object({"L": Number(2049), "R": Number(2057)}), Object({"L": Number(2707), "R": Number(2715)}), Object({"L": Number(3271), "R": Number(3279)}), Object({"L": Number(3479), "R": Number(3487)})]), "storage": Number(0)}), Object({"id": Number(36), "kind": Number(12), "lsRanges": Array([]), "parentKind": Number(0), "ranges": Array([Object({"L": Number(1818), "R": Number(1824)})]), "storage": Number(0)}), Object({"id": Number(5), "kind": Number(12), "lsRanges": Array([]), "parentKind": Number(1), "ranges": Array([Object({"L": Number(539), "R": Number(545)}), Object({"L": Number(601), "R": Number(607)})]), "storage": Number(0)}), Object({"id": Number(322), "kind": Number(0), "lsRanges": Array([]), "parentKind": Number(0), "ranges": Array([Object({"L": Number(298), "R": Number(309)})]), "storage": Number(0)}), Object({"id": Number(319), "kind": Number(0), "lsRanges": Array([]), "parentKind": Number(0), "ranges": Array([Object({"L": Number(1397), "R": Number(1402)})]), "storage": Number(0)}), Object({"id": Number(13), "kind": Number(12), "lsRanges": Array([]), "parentKind": Number(0), "ranges": Array([Object({"L": Number(840), "R": Number(849)}), Object({"L": Number(877), "R": Number(886)})]), "storage": Number(0)}), Object({"id": Number(68), "kind": Number(252), "lsRanges": Array([]), "parentKind": Number(0), "ranges": Array([Object({"L": Number(809), "R": Number(814)})]), "storage": Number(0)}), Object({"id": Number(330), "kind": Number(0), "lsRanges": Array([]), "parentKind": Number(0), "ranges": Array([Object({"L": Number(80), "R": Number(85)})]), "storage": Number(0)}), Object({"id": Number(0), "kind": Number(252), "lsRanges": Array([]), "parentKind": Number(0), "ranges": Array([Object({"L": Number(503), "R": Number(509)})]), "storage": Number(0)}), Object({"id": Number(329), "kind": Number(0), "lsRanges": Array([]), "parentKind": Number(0), "ranges": Array([Object({"L": Number(1703), "R": Number(1707)}), Object({"L": Number(2374), "R": Number(2378)}), Object({"L": Number(2888), "R": Number(2892)}), Object({"L": Number(3348), "R": Number(3352)})]), "storage": Number(0)}), Object({"id": Number(15), "kind": Number(12), "lsRanges": Array([]), "parentKind": Number(0), "ranges": Array([Object({"L": Number(272), "R": Number(281)})]), "storage": Number(0)}), Object({"id": Number(326), "kind": Number(0), "lsRanges": Array([]), "parentKind": Number(0), "ranges": Array([Object({"L": Number(769), "R": Number(776)})]), "storage": Number(0)}), Object({"id": Number(316), "kind": Number(0), "lsRanges": Array([]), "parentKind": Number(0), "ranges": Array([Object({"L": Number(2176), "R": Number(2181)})]), "storage": Number(0)}), Object({"id": Number(40), "kind": Number(12), "lsRanges": Array([]), "parentKind": Number(0), "ranges": Array([Object({"L": Number(123), "R": Number(129)})]), "storage": Number(0)})]), "uri": String("file:///home/ys/Code/project/project-password-manager/src/main.c")}) }
22:14:57 INFO unnamed src/language_server_protocol.rs:2873 handle_cursor_moved; params=Object({"bufnr": Number(1), "buftype": String(""), "filename": String("/home/ys/Code/project/project-password-manager/src/main.c"), "languageId": String("c"), "position": Object({"character": Number(0), "line": Number(153)}), "viewport": Object({"end": Number(154), "start": Number(89)})}) force_redraw=false
22:14:57 INFO unnamed src/language_server_protocol.rs:2847 get_signs_to_display; filename="/home/ys/Code/project/project-password-manager/src/main.c" viewport=Viewport { start: 89, end: 154 }
22:14:57 INFO unnamed src/language_server_protocol.rs:2873 handle_cursor_moved; params=Object({"bufnr": Number(1), "buftype": String(""), "filename": String("/home/ys/Code/project/project-password-manager/src/main.c"), "languageId": String("c"), "position": Object({"character": Number(0), "line": Number(152)}), "viewport": Object({"end": Number(154), "start": Number(89)})}) force_redraw=false
22:15:02 INFO unnamed src/language_server_protocol.rs:2873 handle_cursor_moved; params=Object({"bufnr": Number(1), "buftype": String(""), "filename": String("/home/ys/Code/project/project-password-manager/src/main.c"), "languageId": String("c"), "position": Object({"character": Number(0), "line": Number(71)}), "viewport": Object({"end": Number(135), "start": Number(70)})}) force_redraw=false
22:15:02 INFO unnamed src/language_server_protocol.rs:2847 get_signs_to_display; filename="/home/ys/Code/project/project-password-manager/src/main.c" viewport=Viewport { start: 70, end: 135 }
22:15:04 INFO unnamed src/language_server_protocol.rs:2873 handle_cursor_moved; params=Object({"bufnr": Number(1), "buftype": String(""), "filename": String("/home/ys/Code/project/project-password-manager/src/main.c"), "languageId": String("c"), "position": Object({"character": Number(1), "line": Number(100)}), "viewport": Object({"end": Number(135), "start": Number(70)})}) force_redraw=false
22:15:05 INFO unnamed src/language_server_protocol.rs:2873 handle_cursor_moved; params=Object({"bufnr": Number(1), "buftype": String(""), "filename": String("/home/ys/Code/project/project-password-manager/src/main.c"), "languageId": String("c"), "position": Object({"character": Number(11), "line": Number(101)}), "viewport": Object({"end": Number(135), "start": Number(70)})}) force_redraw=false
22:15:05 INFO unnamed src/language_server_protocol.rs:2873 handle_cursor_moved; params=Object({"bufnr": Number(1), "buftype": String(""), "filename": String("/home/ys/Code/project/project-password-manager/src/main.c"), "languageId": String("c"), "position": Object({"character": Number(11), "line": Number(102)}), "viewport": Object({"end": Number(135), "start": Number(70)})}) force_redraw=false
22:15:11 INFO unnamed src/language_server_protocol.rs:2873 handle_cursor_moved; params=Object({"bufnr": Number(1), "buftype": String(""), "filename": String("/home/ys/Code/project/project-password-manager/src/main.c"), "languageId": String("c"), "position": Object({"character": Number(11), "line": Number(103)}), "viewport": Object({"end": Number(135), "start": Number(70)})}) force_redraw=false
22:15:11 INFO unnamed src/language_server_protocol.rs:2873 handle_cursor_moved; params=Object({"bufnr": Number(1), "buftype": String(""), "filename": String("/home/ys/Code/project/project-password-manager/src/main.c"), "languageId": String("c"), "position": Object({"character": Number(11), "line": Number(104)}), "viewport": Object({"end": Number(135), "start": Number(70)})}) force_redraw=false
22:15:11 INFO unnamed src/language_server_protocol.rs:2873 handle_cursor_moved; params=Object({"bufnr": Number(1), "buftype": String(""), "filename": String("/home/ys/Code/project/project-password-manager/src/main.c"), "languageId": String("c"), "position": Object({"character": Number(11), "line": Number(105)}), "viewport": Object({"end": Number(135), "start": Number(70)})}) force_redraw=false
22:15:12 INFO unnamed src/language_server_protocol.rs:2873 handle_cursor_moved; params=Object({"bufnr": Number(1), "buftype": String(""), "filename": String("/home/ys/Code/project/project-password-manager/src/main.c"), "languageId": String("c"), "position": Object({"character": Number(11), "line": Number(104)}), "viewport": Object({"end": Number(135), "start": Number(70)})}) force_redraw=false
22:15:14 INFO unnamed src/language_server_protocol.rs:2873 handle_cursor_moved; params=Object({"bufnr": Number(1), "buftype": String(""), "filename": String("/home/ys/Code/project/project-password-manager/src/main.c"), "languageId": String("c"), "position": Object({"character": Number(11), "line": Number(103)}), "viewport": Object({"end": Number(135), "start": Number(70)})}) force_redraw=false
22:15:14 INFO unnamed src/language_server_protocol.rs:2873 handle_cursor_moved; params=Object({"bufnr": Number(1), "buftype": String(""), "filename": String("/home/ys/Code/project/project-password-manager/src/main.c"), "languageId": String("c"), "position": Object({"character": Number(11), "line": Number(104)}), "viewport": Object({"end": Number(135), "start": Number(70)})}) force_redraw=false
22:15:22 INFO unnamed src/language_server_protocol.rs:2823 handle_buf_write_post; params=Object({"bufnr": Number(1), "filename": String("/home/ys/Code/project/project-password-manager/src/main.c"), "languageId": String("c")})
22:15:22 INFO unnamed src/language_server_protocol.rs:2056 text_document_did_save; params=Object({"bufnr": Number(1), "filename": String("/home/ys/Code/project/project-password-manager/src/main.c"), "languageId": String("c")})
22:15:22 INFO unnamed src/language_server_protocol.rs:2095 text_document_publish_diagnostics; params=Object({"diagnostics": Array([Object({"code": Number(2), "message": String("unknown type name \'CDKSCREEN\'; did you mean \'SCREEN\'?"), "range": Object({"end": Object({"character": Number(12), "line": Number(43)}), "start": Object({"character": Number(3), "line": Number(43)})}), "relatedInformation": Array([Object({"location": Object({"range": Object({"end": Object({"character": Number(29), "line": Number(438)}), "start": Object({"character": Number(23), "line": Number(438)})}), "uri": String("file:///usr/include/curses.h")}), "message": String("\'SCREEN\' declared here")})]), "severity": Number(1), "source": String("ccls")}), Object({"code": Number(2), "message": String("use of undeclared identifier \'CDKSCROLL\'"), "range": Object({"end": Object({"character": Number(12), "line": Number(44)}), "start": Object({"character": Number(3), "line": Number(44)})}), "relatedInformation": Array([]), "severity": Number(1), "source": String("ccls")}), Object({"code": Number(2), "message": String("implicit declaration of function \'initCDKScreen\' is invalid in C99"), "range": Object({"end": Object({"character": Number(28), "line": Number(45)}), "start": Object({"character": Number(15), "line": Number(45)})}), "relatedInformation": Array([]), "severity": Number(2), "source": String("ccls")}), Object({"code": Number(26), "message": String("incompatible integer to pointer conversion assigning to \'SCREEN *\' (aka \'struct screen *\') from \'int\'"), "range": Object({"end": Object({"character": Number(14), "line": Number(45)}), "start": Object({"character": Number(13), "line": Number(45)})}), "relatedInformation": Array([]), "severity": Number(2), "source": String("ccls")}), Object({"code": Number(2), "message": String("implicit declaration of function \'newCDKScroll\' is invalid in C99"), "range": Object({"end": Object({"character": Number(24), "line": Number(56)}), "start": Object({"character": Number(12), "line": Number(56)})}), "relatedInformation": Array([]), "severity": Number(2), "source": String("ccls")}), Object({"code": Number(2), "message": String("non-object type \'int (WINDOW *)\' (aka \'int (struct _win_st *)\') is not assignable"), "range": Object({"end": Object({"character": Number(11), "line": Number(56)}), "start": Object({"character": Number(10), "line": Number(56)})}), "relatedInformation": Array([]), "severity": Number(1), "source": String("ccls")}), Object({"code": Number(2), "message": String("implicitly declaring library function \'memset\' with type \'void *(void *, int, unsigned long)\'"), "range": Object({"end": Object({"character": Number(15), "line": Number(83)}), "start": Object({"character": Number(9), "line": Number(83)})}), "relatedInformation": Array([Object({"location": Object({"range": Object({"end": Object({"character": Number(15), "line": Number(83)}), "start": Object({"character": Number(9), "line": Number(83)})}), "uri": String("file:///home/ys/Code/project/project-password-manager/src/main.c")}), "message": String("include the header <string.h> or explicitly provide a declaration for \'memset\'")})]), "severity": Number(2), "source": String("ccls")}), Object({"code": Number(2), "message": String("implicit declaration of function \'activateCDKScroll\' is invalid in C99"), "range": Object({"end": Object({"character": Number(26), "line": Number(93)}), "start": Object({"character": Number(9), "line": Number(93)})}), "relatedInformation": Array([]), "severity": Number(2), "source": String("ccls")}), Object({"code": Number(2), "message": String("implicit declaration of function \'drawCDKScreen\' is invalid in C99"), "range": Object({"end": Object({"character": Number(22), "line": Number(94)}), "start": Object({"character": Number(9), "line": Number(94)})}), "relatedInformation": Array([]), "severity": Number(2), "source": String("ccls")}), Object({"code": Number(2), "message": String("implicitly declaring library function \'strlen\' with type \'unsigned long (const char *)\'"), "range": Object({"end": Object({"character": Number(38), "line": Number(102)}), "start": Object({"character": Number(32), "line": Number(102)})}), "relatedInformation": Array([Object({"location": Object({"range": Object({"end": Object({"character": Number(38), "line": Number(102)}), "start": Object({"character": Number(32), "line": Number(102)})}), "uri": String("file:///home/ys/Code/project/project-password-manager/src/main.c")}), "message": String("include the header <string.h> or explicitly provide a declaration for \'strlen\'")})]), "severity": Number(2), "source": String("ccls")}), Object({"code": Number(2), "message": String("implicitly declaring library function \'strcpy\' with type \'char *(char *, const char *)\'"), "range": Object({"end": Object({"character": Number(15), "line": Number(115)}), "start": Object({"character": Number(9), "line": Number(115)})}), "relatedInformation": Array([Object({"location": Object({"range": Object({"end": Object({"character": Number(15), "line": Number(115)}), "start": Object({"character": Number(9), "line": Number(115)})}), "uri": String("file:///home/ys/Code/project/project-password-manager/src/main.c")}), "message": String("include the header <string.h> or explicitly provide a declaration for \'strcpy\'")})]), "severity": Number(2), "source": String("ccls")}), Object({"code": Number(2), "message": String("implicitly declaring library function \'strcat\' with type \'char *(char *, const char *)\'"), "range": Object({"end": Object({"character": Number(15), "line": Number(124)}), "start": Object({"character": Number(9), "line": Number(124)})}), "relatedInformation": Array([Object({"location": Object({"range": Object({"end": Object({"character": Number(15), "line": Number(124)}), "start": Object({"character": Number(9), "line": Number(124)})}), "uri": String("file:///home/ys/Code/project/project-password-manager/src/main.c")}), "message": String("include the header <string.h> or explicitly provide a declaration for \'strcat\'")})]), "severity": Number(2), "source": String("ccls")}), Object({"code": Number(2), "message": String("use of undeclared identifier \'KEY_ESC\'"), "range": Object({"end": Object({"character": Number(44), "line": Number(133)}), "start": Object({"character": Number(37), "line": Number(133)})}), "relatedInformation": Array([]), "severity": Number(1), "source": String("ccls")}), Object({"code": Number(2), "message": String("implicit declaration of function \'destroyCDKScroll\' is invalid in C99"), "range": Object({"end": Object({"character": Number(19), "line": Number(146)}), "start": Object({"character": Number(3), "line": Number(146)})}), "relatedInformation": Array([]), "severity": Number(2), "source": String("ccls")}), Object({"code": Number(2), "message": String("implicit declaration of function \'destroyCDKScreen\' is invalid in C99"), "range": Object({"end": Object({"character": Number(19), "line": Number(147)}), "start": Object({"character": Number(3), "line": Number(147)})}), "relatedInformation": Array([]), "severity": Number(2), "source": String("ccls")}), Object({"code": Number(2), "message": String("implicit declaration of function \'endCDK\' is invalid in C99"), "range": Object({"end": Object({"character": Number(9), "line": Number(148)}), "start": Object({"character": Number(3), "line": Number(148)})}), "relatedInformation": Array([]), "severity": Number(2), "source": String("ccls")}), Object({"code": Number(2), "message": String("array index 2 is past the end of the array (which contains 2 elements)"), "range": Object({"end": Object({"character": Number(8), "line": Number(35)}), "start": Object({"character": Number(3), "line": Number(35)})}), "relatedInformation": Array([Object({"location": Object({"range": Object({"end": Object({"character": Number(8), "line": Number(33)}), "start": Object({"character": Number(3), "line": Number(33)})}), "uri": String("file:///home/ys/Code/project/project-password-manager/src/main.c")}), "message": String("array \'panel\' declared here")})]), "severity": Number(2), "source": String("ccls")}), Object({"code": Number(2), "message": String("array index 2 is past the end of the array (which contains 2 elements)"), "range": Object({"end": Object({"character": Number(19), "line": Number(38)}), "start": Object({"character": Number(14), "line": Number(38)})}), "relatedInformation": Array([Object({"location": Object({"range": Object({"end": Object({"character": Number(8), "line": Number(33)}), "start": Object({"character": Number(3), "line": Number(33)})}), "uri": String("file:///home/ys/Code/project/project-password-manager/src/main.c")}), "message": String("array \'panel\' declared here")})]), "severity": Number(2), "source": String("ccls")}), Object({"code": Number(2), "message": String("\'memset\' call operates on objects of type \'char\' while the size is based on a different type \'char *\'"), "range": Object({"end": Object({"character": Number(36), "line": Number(83)}), "start": Object({"character": Number(32), "line": Number(83)})}), "relatedInformation": Array([Object({"location": Object({"range": Object({"end": Object({"character": Number(36), "line": Number(83)}), "start": Object({"character": Number(32), "line": Number(83)})}), "uri": String("file:///home/ys/Code/project/project-password-manager/src/main.c")}), "message": String("did you mean to provide an explicit length?")})]), "severity": Number(2), "source": String("ccls")}), Object({"code": Number(2), "message": String("array index 2 is past the end of the array (which contains 2 elements)"), "range": Object({"end": Object({"character": Number(25), "line": Number(86)}), "start": Object({"character": Number(20), "line": Number(86)})}), "relatedInformation": Array([Object({"location": Object({"range": Object({"end": Object({"character": Number(8), "line": Number(33)}), "start": Object({"character": Number(3), "line": Number(33)})}), "uri": String("file:///home/ys/Code/project/project-password-manager/src/main.c")}), "message": String("array \'panel\' declared here")})]), "severity": Number(2), "source": String("ccls")}), Object({"code": Number(2), "message": String("\'memset\' call operates on objects of type \'char\' while the size is based on a different type \'char *\'"), "range": Object({"end": Object({"character": Number(39), "line": Number(112)}), "start": Object({"character": Number(35), "line": Number(112)})}), "relatedInformation": Array([Object({"location": Object({"range": Object({"end": Object({"character": Number(39), "line": Number(112)}), "start": Object({"character": Number(35), "line": Number(112)})}), "uri": String("file:///home/ys/Code/project/project-password-manager/src/main.c")}), "message": String("did you mean to provide an explicit length?")})]), "severity": Number(2), "source": String("ccls")}), Object({"code": Number(2), "message": String("array index 2 is past the end of the array (which contains 2 elements)"), "range": Object({"end": Object({"character": Number(25), "line": Number(126)}), "start": Object({"character": Number(20), "line": Number(126)})}), "relatedInformation": Array([Object({"location": Object({"range": Object({"end": Object({"character": Number(8), "line": Number(33)}), "start": Object({"character": Number(3), "line": Number(33)})}), "uri": String("file:///home/ys/Code/project/project-password-manager/src/main.c")}), "message": String("array \'panel\' declared here")})]), "severity": Number(2), "source": String("ccls")}), Object({"code": Number(2), "message": String("\'memset\' call operates on objects of type \'char\' while the size is based on a different type \'char *\'"), "range": Object({"end": Object({"character": Number(36), "line": Number(135)}), "start": Object({"character": Number(32), "line": Number(135)})}), "relatedInformation": Array([Object({"location": Object({"range": Object({"end": Object({"character": Number(36), "line": Number(135)}), "start": Object({"character": Number(32), "line": Number(135)})}), "uri": String("file:///home/ys/Code/project/project-password-manager/src/main.c")}), "message": String("did you mean to provide an explicit length?")})]), "severity": Number(2), "source": String("ccls")}), Object({"code": Number(2), "message": String("array index 2 is past the end of the array (which contains 2 elements)"), "range": Object({"end": Object({"character": Number(25), "line": Number(138)}), "start": Object({"character": Number(20), "line": Number(138)})}), "relatedInformation": Array([Object({"location": Object({"range": Object({"end": Object({"character": Number(8), "line": Number(33)}), "start": Object({"character": Number(3), "line": Number(33)})}), "uri": String("file:///home/ys/Code/project/project-password-manager/src/main.c")}), "message": String("array \'panel\' declared here")})]), "severity": Number(2), "source": String("ccls")})]), "uri": String("file:///home/ys/Code/project/project-password-manager/src/main.c")})
22:15:22 INFO unnamed src/vim.rs:225 Begin setqflist
